=> Acces menu
2014/2/4/ 21:35 => => Acces menu
04/02/function getFullYear() { [native code] } 21:39 => => Acces menu
04/02/2014 21:40 => => Acces menu
04/02/2014 21:42 => cuisine
04/02/2014 21:42 => Acces menu
04/02/2014 21:42 => cuisine
04/02/2014 21:54 => cuisine
04/02/2014 21:54 => Acces menu
04/02/2014 21:54 => cuisine
04/02/2014 21:59 => cuisine
04/02/2014 21:59 => cuisine
04/02/2014 22:20 => cuisine
04/02/2014 22:22 => Acces menu
04/02/2014 22:23 => cuisine
04/02/2014 22:23 => Acces menu
04/02/2014 22:23 => bureau
04/02/2014 22:24 => bureau
04/02/2014 22:24 => Acces menu
04/02/2014 22:24 => cuisine
05/02/2014 18:35 => Acces menu
05/02/2014 18:36 => Acces menu
05/02/2014 18:38 => Acces menu
05/02/2014 18:40 => Acces menu
05/02/2014 18:41 => Acces menu
05/02/2014 18:52 => Acces menu
05/02/2014 19:08 => Acces menu
05/02/2014 19:08 => Acces menu
05/02/2014 19:19 => Acces menu
05/02/2014 19:25 => Acces menu
05/02/2014 19:25 => cuisine
05/02/2014 19:27 => cuisine
05/02/2014 19:37 => cuisine
05/02/2014 19:39 => cuisine
05/02/2014 19:42 => cuisine
05/02/2014 19:43 => Acces menu
05/02/2014 19:46 => Acces menu
05/02/2014 19:47 => Acces menu
05/02/2014 19:48 => cuisine
05/02/2014 19:49 => cuisine
05/02/2014 19:49 => cuisine
05/02/2014 19:50 => cuisine
05/02/2014 19:51 => cuisine
05/02/2014 19:56 => cuisine
05/02/2014 19:58 => cuisine
05/02/2014 19:59 => cuisine
05/02/2014 19:59 => cuisine
05/02/2014 19:59 => cuisine
05/02/2014 20:01 => cuisine
05/02/2014 20:01 => cuisine
05/02/2014 20:03 => cuisine
05/02/2014 20:06 => cuisine
05/02/2014 20:06 => cuisine
05/02/2014 20:13 => cuisine
05/02/2014 20:13 => cuisine
05/02/2014 20:14 => cuisine
05/02/2014 20:16 => cuisine
05/02/2014 20:17 => cuisine
05/02/2014 20:17 => Acces menu
05/02/2014 20:33 => Acces menu
05/02/2014 20:33 => cuisine
05/02/2014 22:56 => cuisine
05/02/2014 22:56 => Acces menu
05/02/2014 22:56 => chambre
05/02/2014 22:56 => Acces menu
05/02/2014 22:57 => salle
05/02/2014 22:57 => Acces menu
05/02/2014 22:57 => cuisine
05/02/2014 22:57 => Acces menu
05/02/2014 23:57 => Acces menu
06/02/2014 00:06 => cuisine
06/02/2014 15:17 => Acces menu
06/02/2014 15:51 => Acces menu
06/02/2014 15:54 => Acces menu
06/02/2014 15:54 => Acces menu
06/02/2014 15:55 => Acces menu
06/02/2014 15:58 => Acces menu
06/02/2014 15:59 => Acces menu
06/02/2014 15:59 => Acces menu
06/02/2014 16:00 => Acces menu
06/02/2014 16:01 => Acces menu
06/02/2014 16:02 => Acces menu
06/02/2014 16:02 => Acces menu
06/02/2014 16:04 => Acces menu
06/02/2014 16:06 => Acces menu
06/02/2014 16:06 => Acces menu
06/02/2014 16:07 => Acces menu
06/02/2014 16:07 => Acces menu
06/02/2014 16:09 => Acces menu
06/02/2014 16:09 => Acces menu
06/02/2014 16:10 => cuisine
06/02/2014 16:11 => cuisine
06/02/2014 16:11 => cuisine
06/02/2014 16:11 => cuisine
06/02/2014 16:12 => cuisine
06/02/2014 16:15 => Acces menu
06/02/2014 16:16 => Acces menu
06/02/2014 16:17 => cuisine
06/02/2014 16:19 => Acces menu
06/02/2014 16:19 => cuisine
06/02/2014 16:28 => Acces menu
06/02/2014 16:28 => cuisine
06/02/2014 16:29 => Acces menu
06/02/2014 16:29 => cuisine
06/02/2014 16:30 => cuisine
06/02/2014 16:30 => Acces menu
06/02/2014 16:30 => Acces menu
06/02/2014 16:31 => cuisine
06/02/2014 16:31 => chambre
06/02/2014 16:31 => Acces menu
06/02/2014 16:31 => salle
06/02/2014 16:31 => Acces menu
06/02/2014 16:31 => cuisine
06/02/2014 20:21 => Acces menu
06/02/2014 20:21 => cuisine
06/02/2014 20:21 => Acces menu
06/02/2014 20:21 => bureau
06/02/2014 20:23 => Acces menu
06/02/2014 21:04 => cuisine
06/02/2014 21:04 => Acces menu
06/02/2014 21:04 => bureau
06/02/2014 21:05 => bureau
06/02/2014 21:07 => bureau
06/02/2014 21:08 => bureau
06/02/2014 21:08 => bureau
06/02/2014 21:08 => all
06/02/2014 21:10 => all
06/02/2014 21:12 => all
06/02/2014 21:13 => all
06/02/2014 21:14 => Acces menu
06/02/2014 21:14 => all
06/02/2014 21:17 => Acces menu
06/02/2014 21:17 => all
06/02/2014 21:17 => Acces menu
06/02/2014 21:17 => all
06/02/2014 22:22 => Acces menu
06/02/2014 22:22 => cuisine
06/02/2014 22:23 => Acces menu
06/02/2014 22:23 => bureau
06/02/2014 22:23 => all
06/02/2014 22:23 => cuisine
06/02/2014 22:23 => all
06/02/2014 22:24 => Acces menu
06/02/2014 22:24 => bureau
06/02/2014 22:24 => Acces menu
03/09 14:17:01 Tx PL HouseUnit: M4
03/09 14:17:01 Tx PL House: M Func: On
03/09 14:18:01 Tx PL HouseUnit: M4
03/09 14:18:01 Tx PL House: M Func: On
03/09 14:19:01 Tx PL HouseUnit: M4
03/09 14:19:01 Tx PL House: M Func: On
03/09 14:20:02 Tx PL HouseUnit: M4
03/09 14:20:02 Tx PL House: M Func: On
03/09 14:21:01 Tx PL HouseUnit: M4
03/09 14:21:01 Tx PL House: M Func: On
03/09 14:22:01 Tx PL HouseUnit: M4
03/09 14:22:01 Tx PL House: M Func: On
03/09 14:23:01 Tx PL HouseUnit: M4
03/09 14:23:01 Tx PL House: M Func: On
03/09 14:24:01 Tx PL HouseUnit: M4
03/09 14:24:01 Tx PL House: M Func: On
03/09 14:25:01 Tx PL HouseUnit: M4
03/09 14:25:01 Tx PL House: M Func: On
03/09 14:26:01 Tx PL HouseUnit: M4
03/09 14:26:01 Tx PL House: M Func: On
03/09 14:27:01 Tx PL HouseUnit: M4
03/09 14:27:01 Tx PL House: M Func: On
03/09 14:28:01 Tx PL HouseUnit: M4
03/09 14:28:01 Tx PL House: M Func: On
03/09 14:29:01 Tx PL HouseUnit: M4
03/09 14:29:01 Tx PL House: M Func: On
03/09 14:30:02 Tx PL HouseUnit: M4
03/09 14:30:02 Tx PL House: M Func: On
03/09 14:31:01 Tx PL HouseUnit: M4
03/09 14:31:01 Tx PL House: M Func: On
03/09 14:32:01 Tx PL HouseUnit: M4
03/09 14:32:01 Tx PL House: M Func: On
03/09 14:33:01 Tx PL HouseUnit: M4
03/09 14:33:01 Tx PL House: M Func: On
03/09 14:34:01 Tx PL HouseUnit: M4
03/09 14:34:01 Tx PL House: M Func: On
03/09 14:35:01 Tx PL HouseUnit: M4
03/09 14:35:01 Tx PL House: M Func: On
03/09 14:36:01 Tx PL HouseUnit: M4
03/09 14:36:01 Tx PL House: M Func: On
03/09 14:37:01 Tx PL HouseUnit: M4
03/09 14:37:01 Tx PL House: M Func: On
03/09 14:38:01 Tx PL HouseUnit: M4
03/09 14:38:01 Tx PL House: M Func: On
03/09 14:39:01 Tx PL HouseUnit: M4
03/09 14:39:01 Tx PL House: M Func: On
03/09 14:40:02 Tx PL HouseUnit: M4
03/09 14:40:02 Tx PL House: M Func: On
03/09 14:41:01 Tx PL HouseUnit: M4
03/09 14:41:01 Tx PL House: M Func: On
03/09 14:42:01 Tx PL HouseUnit: M4
03/09 14:42:01 Tx PL House: M Func: On
03/09 14:43:01 Tx PL HouseUnit: M4
03/09 14:43:01 Tx PL House: M Func: On
00/02/2014 14:47 => bureau
00/02/2014 16:08 => all
00/02/2014 16:32 => all
00/02/2014 16:36 => all
00/02/2014 16:36 => cuisine
00/02/2014 16:37 => salle
00/02/2014 16:37 => bureau
00/02/2014 16:42 => bureau
00/02/2014 16:48 => bureau
01/02/2014 09:55 => bureau
01/02/2014 09:59 => bureau
01/02/2014 10:02 => bureau
01/02/2014 11:29 => salle
01/02/2014 11:33 => salle
01/02/2014 11:33 => salle
01/02/2014 11:36 => salle
01/02/2014 12:05 => all
01/02/2014 16:19 => all
01/02/2014 16:27 => all
01/02/2014 16:28 => bureau
01/02/2014 16:36 => bureau
01/02/2014 16:38 => bureau
01/02/2014 16:38 => bureau
01/02/2014 16:45 => bureau
01/02/2014 16:46 => bureau
